current directory: /home/karl/git/wolust.github.io/vendor/bundle/ruby/3.0.0/gems/commonmarker-0.17.13/ext/commonmarker
/usr/bin/ruby -I /usr/lib/ruby/3.0.0 extconf.rb
creating Makefile

current directory: /home/karl/git/wolust.github.io/vendor/bundle/ruby/3.0.0/gems/commonmarker-0.17.13/ext/commonmarker
make DESTDIR\= sitearchdir\=./.gem.20230217-286990-wuxg4o sitelibdir\=./.gem.20230217-286990-wuxg4o clean

current directory: /home/karl/git/wolust.github.io/vendor/bundle/ruby/3.0.0/gems/commonmarker-0.17.13/ext/commonmarker
make DESTDIR\= sitearchdir\=./.gem.20230217-286990-wuxg4o sitelibdir\=./.gem.20230217-286990-wuxg4o
compiling arena.c
compiling autolink.c
compiling blocks.c
compiling buffer.c
compiling cmark.c
compiling cmark_ctype.c
compiling commonmark.c
compiling commonmarker.c
In Datei, eingebunden von houdini.h:9,
                 von commonmarker.c:3:
config.h:8: Warnung: »HAVE_STDBOOL_H« redefiniert
    8 | #define HAVE_STDBOOL_H
      | 
In Datei, eingebunden von /usr/include/ruby-3.0.0/ruby/internal/config.h:23,
                 von /usr/include/ruby-3.0.0/ruby/ruby.h:15,
                 von /usr/include/ruby-3.0.0/ruby.h:38,
                 von commonmarker.h:9,
                 von commonmarker.c:1:
/usr/include/ruby-3.0.0/x86_64-linux/ruby/config.h:38: Anmerkung: dies ist die Stelle der vorherigen Definition
   38 | #define HAVE_STDBOOL_H 1
      | 
compiling core-extensions.c
compiling ext_scanners.c
compiling footnotes.c
compiling houdini_href_e.c
compiling houdini_html_e.c
compiling houdini_html_u.c
compiling html.c
compiling inlines.c
compiling iterator.c
compiling latex.c
compiling linked_list.c
compiling man.c
compiling map.c
compiling node.c
compiling plaintext.c
compiling plugin.c
compiling references.c
compiling registry.c
compiling render.c
compiling scanners.c
compiling strikethrough.c
compiling syntax_extension.c
compiling table.c
compiling tagfilter.c
compiling utf8.c
compiling xml.c
linking shared-object commonmarker/commonmarker.so

current directory: /home/karl/git/wolust.github.io/vendor/bundle/ruby/3.0.0/gems/commonmarker-0.17.13/ext/commonmarker
make DESTDIR\= sitearchdir\=./.gem.20230217-286990-wuxg4o sitelibdir\=./.gem.20230217-286990-wuxg4o install
/usr/bin/install -c -m 0755 commonmarker.so ./.gem.20230217-286990-wuxg4o/commonmarker
