have_library: checking for -lstdc++... -------------------- yes

"gcc -o conftest -I/usr/include/ruby-3.0.0/x86_64-linux -I/usr/include/ruby-3.0.0/ruby/backward -I/usr/include/ruby-3.0.0 -I.    -march=x86-64 -mtune=generic -O2 -pipe -fno-plt -fexceptions         -Wp,-D_FORTIFY_SOURCE=2 -Wformat -Werror=format-security         -fstack-clash-protection -fcf-protection -g -ffile-prefix-map=/build/ruby/src=/usr/src/debug/ruby -fPIC conftest.c  -L. -L/usr/lib -L. -Wl,-O1,--sort-common,--as-needed,-z,relro,-z,now -fstack-protector-strong -rdynamic -Wl,-export-dynamic -Wl,--no-as-needed     -lruby  -lm   -lc"
checked program was:
/* begin */
1: #include "ruby.h"
2: 
3: int main(int argc, char **argv)
4: {
5:   return !!argv[argc];
6: }
/* end */

"gcc -o conftest -I/usr/include/ruby-3.0.0/x86_64-linux -I/usr/include/ruby-3.0.0/ruby/backward -I/usr/include/ruby-3.0.0 -I.    -march=x86-64 -mtune=generic -O2 -pipe -fno-plt -fexceptions         -Wp,-D_FORTIFY_SOURCE=2 -Wformat -Werror=format-security         -fstack-clash-protection -fcf-protection -g -ffile-prefix-map=/build/ruby/src=/usr/src/debug/ruby -fPIC conftest.c  -L. -L/usr/lib -L. -Wl,-O1,--sort-common,--as-needed,-z,relro,-z,now -fstack-protector-strong -rdynamic -Wl,-export-dynamic -Wl,--no-as-needed     -lruby -lstdc++  -lm   -lc"
checked program was:
/* begin */
 1: #include "ruby.h"
 2: 
 3: /*top*/
 4: extern int t(void);
 5: int main(int argc, char **argv)
 6: {
 7:   if (argc > 1000000) {
 8:     int (* volatile tp)(void)=(int (*)(void))&t;
 9:     printf("%d", (*tp)());
10:   }
11: 
12:   return !!argv[argc];
13: }
14: 
15: int t(void) { ; return 0; }
/* end */

--------------------

